TN:
SF:C:\Users\Nico\Documents\Projects\Solidity\Alyra\rendus\02_projet\contracts\Voting.sol
FN:41,onlyVoters
FN:50,getVoter
FN:54,getOneProposal
FN:61,addVoter
FN:72,addProposal
FN:85,setVote
FN:100,startProposalsRegistering
FN:111,endProposalsRegistering
FN:117,startVotingSession
FN:123,endVotingSession
FN:130,tallyVotes
FNF:11
FNH:11
FNDA:65,onlyVoters
FNDA:4,getVoter
FNDA:7,getOneProposal
FNDA:40,addVoter
FNDA:29,addProposal
FNDA:20,setVote
FNDA:36,startProposalsRegistering
FNDA:24,endProposalsRegistering
FNDA:21,startVotingSession
FNDA:9,endVotingSession
FNDA:5,tallyVotes
DA:42,65
DA:43,60
DA:51,4
DA:55,7
DA:62,40
DA:63,38
DA:65,36
DA:66,36
DA:73,29
DA:74,27
DA:77,25
DA:78,25
DA:79,25
DA:80,25
DA:86,20
DA:87,18
DA:88,16
DA:90,14
DA:91,14
DA:92,14
DA:94,14
DA:101,36
DA:102,34
DA:104,34
DA:105,34
DA:106,34
DA:108,34
DA:112,24
DA:113,22
DA:114,22
DA:118,21
DA:119,19
DA:120,19
DA:124,9
DA:125,7
DA:126,7
DA:131,5
DA:132,3
DA:133,3
DA:134,6
DA:135,3
DA:138,3
DA:140,3
DA:141,3
LF:44
LH:44
BRDA:42,1,0,60
BRDA:42,1,1,5
BRDA:50,2,0,4
BRDA:50,2,1,1
BRDA:54,3,0,7
BRDA:54,3,1,0
BRDA:61,4,0,40
BRDA:61,4,1,2
BRDA:62,5,0,38
BRDA:62,5,1,2
BRDA:63,6,0,36
BRDA:63,6,1,2
BRDA:72,7,0,29
BRDA:72,7,1,2
BRDA:73,8,0,27
BRDA:73,8,1,2
BRDA:74,9,0,25
BRDA:74,9,1,2
BRDA:85,10,0,20
BRDA:85,10,1,2
BRDA:86,11,0,18
BRDA:86,11,1,2
BRDA:87,12,0,16
BRDA:87,12,1,2
BRDA:88,13,0,14
BRDA:88,13,1,2
BRDA:100,14,0,36
BRDA:100,14,1,2
BRDA:101,15,0,34
BRDA:101,15,1,2
BRDA:111,16,0,24
BRDA:111,16,1,2
BRDA:112,17,0,22
BRDA:112,17,1,2
BRDA:117,18,0,21
BRDA:117,18,1,2
BRDA:118,19,0,19
BRDA:118,19,1,2
BRDA:123,20,0,9
BRDA:123,20,1,2
BRDA:124,21,0,7
BRDA:124,21,1,2
BRDA:130,22,0,5
BRDA:130,22,1,2
BRDA:131,23,0,3
BRDA:131,23,1,2
BRDA:134,24,0,3
BRDA:134,24,1,3
BRF:48
BRH:47
end_of_record
