TN:
SF:C:\Users\Nico\Documents\Projects\Solidity\Alyra\rendus\02_projet\contracts\Voting.sol
FN:41,onlyVoters
FN:50,getVoter
FN:54,getOneProposal
FN:61,addVoter
FN:72,addProposal
FN:85,setVote
FN:100,startProposalsRegistering
FN:111,endProposalsRegistering
FN:117,startVotingSession
FN:123,endVotingSession
FN:130,tallyVotes
FNF:11
FNH:11
FNDA:71,onlyVoters
FNDA:4,getVoter
FNDA:7,getOneProposal
FNDA:43,addVoter
FNDA:31,addProposal
FNDA:21,setVote
FNDA:38,startProposalsRegistering
FNDA:25,endProposalsRegistering
FNDA:22,startVotingSession
FNDA:9,endVotingSession
FNDA:5,tallyVotes
DA:42,71
DA:43,63
DA:51,4
DA:55,7
DA:62,43
DA:63,41
DA:65,39
DA:66,39
DA:73,31
DA:74,29
DA:77,27
DA:78,27
DA:79,27
DA:80,27
DA:86,21
DA:87,19
DA:88,17
DA:90,15
DA:91,15
DA:92,15
DA:94,15
DA:101,38
DA:102,36
DA:104,36
DA:105,36
DA:106,36
DA:108,36
DA:112,25
DA:113,23
DA:114,23
DA:118,22
DA:119,20
DA:120,20
DA:124,9
DA:125,7
DA:126,7
DA:131,5
DA:132,3
DA:133,3
DA:134,6
DA:135,3
DA:138,3
DA:140,3
DA:141,3
LF:44
LH:44
BRDA:42,1,0,63
BRDA:42,1,1,8
BRDA:50,2,0,4
BRDA:50,2,1,1
BRDA:54,3,0,7
BRDA:54,3,1,3
BRDA:61,4,0,43
BRDA:61,4,1,2
BRDA:62,5,0,41
BRDA:62,5,1,2
BRDA:63,6,0,39
BRDA:63,6,1,2
BRDA:72,7,0,31
BRDA:72,7,1,2
BRDA:73,8,0,29
BRDA:73,8,1,2
BRDA:74,9,0,27
BRDA:74,9,1,2
BRDA:85,10,0,21
BRDA:85,10,1,2
BRDA:86,11,0,19
BRDA:86,11,1,2
BRDA:87,12,0,17
BRDA:87,12,1,2
BRDA:88,13,0,15
BRDA:88,13,1,2
BRDA:100,14,0,38
BRDA:100,14,1,2
BRDA:101,15,0,36
BRDA:101,15,1,2
BRDA:111,16,0,25
BRDA:111,16,1,2
BRDA:112,17,0,23
BRDA:112,17,1,2
BRDA:117,18,0,22
BRDA:117,18,1,2
BRDA:118,19,0,20
BRDA:118,19,1,2
BRDA:123,20,0,9
BRDA:123,20,1,2
BRDA:124,21,0,7
BRDA:124,21,1,2
BRDA:130,22,0,5
BRDA:130,22,1,2
BRDA:131,23,0,3
BRDA:131,23,1,2
BRDA:134,24,0,3
BRDA:134,24,1,3
BRF:48
BRH:48
end_of_record
